-------------------------------------------------------------------------------
Test set: runner.TestRunner
-------------------------------------------------------------------------------
Tests run: 1, Failures: 0, Errors: 1, Skipped: 0, Time elapsed: 43.004 s <<< FAILURE! - in runner.TestRunner
Star health home page test(Phase End project)  Time elapsed: 19.267 s  <<< ERROR!
java.lang.NoClassDefFoundError: org/junit/jupiter/api/Assertions
Caused by: java.lang.ClassNotFoundException: org.junit.jupiter.api.Assertions

